<?xml version="1.0" encoding="UTF-8" ?>
<testsuite tests="3" failures="0" name="com.github.cjmatta.kafka.connect.smt.InsertUuidTest" time="0.103" errors="0" skipped="0">
  <properties>
[...]
</properties>
  <testcase classname="com.github.cjmatta.kafka.connect.smt.InsertUuidTest" name="topLevelStructRequired" time="0.022"/>
  <testcase classname="com.github.cjmatta.kafka.connect.smt.InsertUuidTest" name="schemalessInsertUuidField" time="0.077"/>
  <testcase classname="com.github.cjmatta.kafka.connect.smt.InsertUuidTest" name="copySchemaAndInsertUuidField" time="0.004"/>
</testsuite>